<?xml version="1.0" encoding="UTF-8"?>
<testng-results skipped="0" failed="0" ignored="0" total="1" passed="1">
  <reporter-output>
  </reporter-output>
  <suite name="Default suite" duration-ms="192" started-at="2021-12-16T06:03:10Z" finished-at="2021-12-16T06:03:10Z">
    <groups>
    </groups>
    <test name="Default test" duration-ms="192" started-at="2021-12-16T06:03:10Z" finished-at="2021-12-16T06:03:10Z">
      <class name="gitTest.DemoGit">
        <test-method status="PASS" signature="demoGit()[pri:0, instance:gitTest.DemoGit@2b98378d]" name="demoGit" duration-ms="45" started-at="2021-12-16T11:33:10Z" finished-at="2021-12-16T11:33:10Z">
          <reporter-output>
          </reporter-output>
        </test-method> <!-- demoGit -->
      </class> <!-- gitTest.DemoGit -->
    </test> <!-- Default test -->
  </suite> <!-- Default suite -->
</testng-results>
